1
   Cartesian binning n.   1  "multi_p   " , generalized particle n.    7
      X coordinate: from -3.0000E+00 to  6.0000E+00 cm,     3 bins ( 3.0000E+00 cm wide)
      Y coordinate: from -3.0000E+00 to  3.0000E+00 cm,     3 bins ( 2.0000E+00 cm wide)
      Z coordinate: from -3.0000E+00 to  0.0000E+00 cm,     3 bins ( 1.0000E+00 cm wide)
      Data follow in a matrix A(ix,iy,iz), format (1(5x,1p,10(1x,e11.4)))

      accurate deposition along the tracks requested
      this is a track-length binning
       7.5083E-04  1.7570E-04  3.3361E-05  1.1232E-03  3.4735E-04  1.5816E-04  6.2264E-04  2.3071E-04  8.3469E-05  1.6700E-03
       4.1785E-04  7.6990E-05  3.3842E-03  9.2931E-04  2.4958E-04  1.0121E-03  2.7993E-04  6.1043E-05  7.7401E-04  3.2480E-04
       9.3145E-06  1.4245E-03  4.3352E-04  1.7392E-04  7.3166E-04  2.4210E-04  1.4804E-04

      Percentage errors follow in a matrix A(ix,iy,iz), format (1(5x,1p,10(1x,e11.4)))

       2.2149E+01  7.4509E+01  1.0000E+02  2.4621E+01  4.6383E+01  3.3621E+01  2.1616E+01  7.5885E+01  1.0000E+02  2.0067E+01
       3.3654E+01  6.1265E+01  1.8407E+01  1.6239E+01  5.2119E+01  1.5791E+01  3.8452E+01  1.0000E+02  7.6577E+00  3.5290E+01
       1.0000E+02  8.3702E+00  5.3283E+01  6.2602E+01  1.1655E+01  6.2289E+01  6.7541E+01
1
   Cartesian binning n.   2  "multi_n   " , generalized particle n.    8
      X coordinate: from -3.0000E+00 to  6.0000E+00 cm,     3 bins ( 3.0000E+00 cm wide)
      Y coordinate: from -3.0000E+00 to  3.0000E+00 cm,     3 bins ( 2.0000E+00 cm wide)
      Z coordinate: from -3.0000E+00 to  0.0000E+00 cm,     3 bins ( 1.0000E+00 cm wide)
      Data follow in a matrix A(ix,iy,iz), format (1(5x,1p,10(1x,e11.4)))

      accurate deposition along the tracks requested
      this is a track-length binning
       1.0984E-02  4.1051E-03  1.0636E-03  2.1837E-02  5.5610E-03  1.9119E-03  1.0971E-02  3.3943E-03  1.2456E-03  1.6615E-02
       2.9501E-03  7.4597E-04  1.0395E-01  6.1186E-03  1.4997E-03  1.7421E-02  3.0824E-03  7.3878E-04  1.8097E-02  5.2532E-03
       2.1572E-03  1.0465E-01  6.2611E-03  1.8829E-03  1.7323E-02  5.5092E-03  2.1418E-03

      Percentage errors follow in a matrix A(ix,iy,iz), format (1(5x,1p,10(1x,e11.4)))

       5.0179E+00  1.6521E+01  1.3973E+01  4.2025E+00  8.1766E+00  1.1465E+01  7.2005E+00  1.0479E+01  1.5640E+01  5.5994E+00
       1.3275E+01  2.7617E+01  7.3788E-01  6.7200E+00  1.9092E+01  7.3670E+00  1.3018E+01  2.8866E+01  5.7221E+00  1.5916E+01
       2.6001E+01  8.3490E-01  1.6715E+01  1.2759E+01  5.0763E+00  1.1420E+01  1.0040E+01
